{"contracts/AirDropMultiTokens.sol":{"l":{"18":3,"19":3,"20":3,"25":3,"29":30,"34":3,"36":3,"37":30,"38":8,"40":22,"42":30,"44":3,"50":2,"51":1,"56":1,"61":3,"62":2,"65":2,"68":1,"70":1,"76":1,"79":1,"82":1,"83":3,"84":3,"85":3,"87":1},"path":"/Users/adewemimo/repos/TokenAirDrop/contracts/AirDropMultiTokens.sol","s":{"1":3,"2":3,"3":3,"4":3,"5":30,"6":3,"7":3,"8":30,"9":8,"10":22,"11":30,"12":3,"13":2,"14":1,"15":1,"16":3,"17":2,"18":2,"19":1,"20":1,"21":1,"22":1,"23":1,"24":3,"25":3,"26":3,"27":1},"b":{"1":[8,22],"2":[2,1],"3":[1,1],"4":[2,1],"5":[2,0],"6":[1,0],"7":[3,0]},"f":{"1":3,"2":3,"3":30,"4":3,"5":2,"6":1,"7":3,"8":1},"fnMap":{"1":{"name":"constructor","line":17,"loc":{"start":{"line":17,"column":4},"end":{"line":22,"column":4}}},"2":{"name":"leafHash","line":24,"loc":{"start":{"line":24,"column":4},"end":{"line":26,"column":4}}},"3":{"name":"nodeHash","line":28,"loc":{"start":{"line":28,"column":4},"end":{"line":30,"column":4}}},"4":{"name":"verifyAddress","line":32,"loc":{"start":{"line":32,"column":4},"end":{"line":47,"column":4}}},"5":{"name":"mintMoreItem","line":49,"loc":{"start":{"line":49,"column":4},"end":{"line":53,"column":4}}},"6":{"name":"mintMoreBatchItems","line":55,"loc":{"start":{"line":55,"column":4},"end":{"line":57,"column":4}}},"7":{"name":"claimTokenItem","line":59,"loc":{"start":{"line":59,"column":4},"end":{"line":72,"column":4}}},"8":{"name":"claimBatchTokenItem","line":74,"loc":{"start":{"line":74,"column":4},"end":{"line":89,"column":4}}}},"statementMap":{"1":{"start":{"line":18,"column":8},"end":{"line":18,"column":46}},"2":{"start":{"line":19,"column":8},"end":{"line":19,"column":44}},"3":{"start":{"line":20,"column":8},"end":{"line":20,"column":45}},"4":{"start":{"line":25,"column":8},"end":{"line":25,"column":61}},"5":{"start":{"line":29,"column":8},"end":{"line":29,"column":68}},"6":{"start":{"line":34,"column":8},"end":{"line":34,"column":41}},"7":{"start":{"line":36,"column":8},"end":{"line":36,"column":1207}},"8":{"start":{"line":37,"column":12},"end":{"line":37,"column":1271}},"9":{"start":{"line":38,"column":16},"end":{"line":38,"column":50}},"10":{"start":{"line":40,"column":16},"end":{"line":40,"column":50}},"11":{"start":{"line":42,"column":12},"end":{"line":42,"column":20}},"12":{"start":{"line":44,"column":8},"end":{"line":44,"column":80}},"13":{"start":{"line":50,"column":8},"end":{"line":50,"column":69}},"14":{"start":{"line":51,"column":8},"end":{"line":51,"column":42}},"15":{"start":{"line":56,"column":8},"end":{"line":56,"column":52}},"16":{"start":{"line":61,"column":8},"end":{"line":61,"column":151}},"17":{"start":{"line":62,"column":8},"end":{"line":62,"column":33}},"18":{"start":{"line":65,"column":8},"end":{"line":65,"column":57}},"19":{"start":{"line":68,"column":8},"end":{"line":68,"column":35}},"20":{"start":{"line":70,"column":8},"end":{"line":70,"column":61}},"21":{"start":{"line":76,"column":8},"end":{"line":76,"column":33}},"22":{"start":{"line":79,"column":8},"end":{"line":79,"column":57}},"23":{"start":{"line":82,"column":8},"end":{"line":82,"column":3004}},"24":{"start":{"line":83,"column":12},"end":{"line":83,"column":33}},"25":{"start":{"line":84,"column":12},"end":{"line":84,"column":167}},"26":{"start":{"line":85,"column":12},"end":{"line":85,"column":39}},"27":{"start":{"line":87,"column":8},"end":{"line":87,"column":68}}},"branchMap":{"1":{"line":37,"type":"if","locations":[{"start":{"line":37,"column":12},"end":{"line":37,"column":12}},{"start":{"line":37,"column":12},"end":{"line":37,"column":12}}]},"2":{"line":44,"type":"if","locations":[{"start":{"line":44,"column":8},"end":{"line":44,"column":8}},{"start":{"line":44,"column":8},"end":{"line":44,"column":8}}]},"3":{"line":50,"type":"if","locations":[{"start":{"line":50,"column":8},"end":{"line":50,"column":8}},{"start":{"line":50,"column":8},"end":{"line":50,"column":8}}]},"4":{"line":61,"type":"if","locations":[{"start":{"line":61,"column":8},"end":{"line":61,"column":8}},{"start":{"line":61,"column":8},"end":{"line":61,"column":8}}]},"5":{"line":62,"type":"if","locations":[{"start":{"line":62,"column":8},"end":{"line":62,"column":8}},{"start":{"line":62,"column":8},"end":{"line":62,"column":8}}]},"6":{"line":76,"type":"if","locations":[{"start":{"line":76,"column":8},"end":{"line":76,"column":8}},{"start":{"line":76,"column":8},"end":{"line":76,"column":8}}]},"7":{"line":84,"type":"if","locations":[{"start":{"line":84,"column":12},"end":{"line":84,"column":12}},{"start":{"line":84,"column":12},"end":{"line":84,"column":12}}]}}}}