TN:
SF:/Users/adewemimo/repos/TokenAirDrop/contracts/AirDropMultiTokens.sol
FN:17,constructor
FN:24,leafHash
FN:28,nodeHash
FN:32,verifyAddress
FN:49,mintMoreItem
FN:55,mintMoreBatchItems
FN:59,claimTokenItem
FN:74,claimBatchTokenItem
FNF:8
FNH:8
FNDA:3,constructor
FNDA:3,leafHash
FNDA:30,nodeHash
FNDA:3,verifyAddress
FNDA:2,mintMoreItem
FNDA:1,mintMoreBatchItems
FNDA:3,claimTokenItem
FNDA:1,claimBatchTokenItem
DA:18,3
DA:19,3
DA:20,3
DA:25,3
DA:29,30
DA:34,3
DA:36,3
DA:37,30
DA:38,8
DA:40,22
DA:42,30
DA:44,3
DA:50,2
DA:51,1
DA:56,1
DA:61,3
DA:62,2
DA:65,2
DA:68,1
DA:70,1
DA:76,1
DA:79,1
DA:82,1
DA:83,3
DA:84,3
DA:85,3
DA:87,1
LF:27
LH:27
BRDA:37,1,0,8
BRDA:37,1,1,22
BRDA:44,2,0,2
BRDA:44,2,1,1
BRDA:50,3,0,1
BRDA:50,3,1,1
BRDA:61,4,0,2
BRDA:61,4,1,1
BRDA:62,5,0,2
BRDA:62,5,1,0
BRDA:76,6,0,1
BRDA:76,6,1,0
BRDA:84,7,0,3
BRDA:84,7,1,0
BRF:14
BRH:11
end_of_record
